<?xml version="1.0" encoding="UTF-8"?>
<testng-results ignored="0" total="1" passed="1" failed="0" skipped="0">
  <reporter-output>
  </reporter-output>
  <suite started-at="2024-09-24T23:14:14 IST" name="Default suite" finished-at="2024-09-24T23:14:25 IST" duration-ms="11268">
    <groups>
    </groups>
    <test started-at="2024-09-24T23:14:14 IST" name="Default test" finished-at="2024-09-24T23:14:25 IST" duration-ms="11268">
      <class name="Execution.P0_TestScript">
        <test-method signature="Priority1()[pri:0, instance:Execution.P0_TestScript@692f203f]" started-at="2024-09-24T23:14:14 IST" name="Priority1" finished-at="2024-09-24T23:14:25 IST" duration-ms="11193" status="PASS">
          <reporter-output>
          </reporter-output>
        </test-method> <!-- Priority1 -->
      </class> <!-- Execution.P0_TestScript -->
    </test> <!-- Default test -->
  </suite> <!-- Default suite -->
</testng-results>
